[2026-04-14 20:03:41] [INFO] === Expense Splitter Server ===
[2026-04-14 20:03:41] [INFO] TCP server listening on port 54000
[2026-04-14 20:03:41] [INFO] WebSocket bridge listening on port 54001
[2026-04-14 20:03:41] [INFO] Receipt directory: D:\PROJECTS\PROJ IV\ExpenseSplitter-TS\server\receipts
[2026-04-14 20:03:41] [INFO] Demo users: jino@test.com, yashika@test.com, alice@test.com, bob@test.com (pass: pass123)
[2026-04-14 21:01:26] [INFO] WebSocket client connected: ws_1
[2026-04-14 21:01:43] [INFO] User logged in: jino@test.com (ws_1)
[2026-04-14 21:04:24] [INFO] Group created: 17th Concert (grp_1) by jino@test.com
[2026-04-14 21:05:33] [STATE] IDLE -> IN_GROUP (trigger: CMD_SELECT_GROUP groupId=grp_1 [user=jino@test.com])
[2026-04-14 21:05:39] [STATE] IN_GROUP -> PROCESSING_EXPENSE (trigger: CMD_ADD_EXPENSE [user=jino@test.com])
[2026-04-14 21:05:39] [INFO] Expense added: $45.00 by jino@test.com in grp_1
[2026-04-14 21:05:39] [STATE] PROCESSING_EXPENSE -> IN_GROUP (trigger: ADD_EXPENSE_COMPLETE id=1 [user=jino@test.com])
[2026-04-14 21:11:48] [STATE] IN_GROUP -> IDLE (trigger: CMD_LEAVE_GROUP from grp_1 [user=jino@test.com])
[2026-04-14 21:16:59] [INFO] WebSocket client connected: ws_2
[2026-04-14 21:17:05] [INFO] User logged in: jino@test.com (ws_2)
[2026-04-16 03:30:45] [INFO] === Expense Splitter Server ===
[2026-04-16 03:30:45] [INFO] TCP server listening on port 54000
[2026-04-16 03:30:45] [INFO] WebSocket bridge listening on port 54001
[2026-04-16 03:30:45] [INFO] Receipt directory: D:\PROJECTS\PROJ IV\ExpenseSplitter-TS\server\receipts
[2026-04-16 03:30:45] [INFO] Demo users: jino@test.com, yashika@test.com, alice@test.com, bob@test.com (pass: pass123)
[2026-04-16 03:33:14] [INFO] WebSocket client connected: ws_1
[2026-04-16 03:33:14] [INFO] WebSocket client connected: ws_2
[2026-04-16 03:33:28] [INFO] User registered: sreyas@test.com
[2026-04-16 03:33:42] [INFO] User logged in: sreyas@test.com (ws_2)
[2026-04-16 03:34:21] [INFO] User logged in: jino@test.com (ws_1)
[2026-04-16 03:34:41] [INFO] Group created: Uber eats (grp_1) by jino@test.com
[2026-04-16 03:34:42] [STATE] IDLE -> IN_GROUP (trigger: CMD_SELECT_GROUP groupId=grp_1 [user=jino@test.com])
[2026-04-16 03:34:49] [INFO] sreyas@test.com joined Uber eats
[2026-04-16 03:34:50] [STATE] IDLE -> IN_GROUP (trigger: CMD_SELECT_GROUP groupId=grp_1 [user=sreyas@test.com])
[2026-04-16 03:34:59] [STATE] IN_GROUP -> PROCESSING_EXPENSE (trigger: CMD_ADD_EXPENSE [user=sreyas@test.com])
[2026-04-16 03:34:59] [INFO] Expense added: $30.00 by sreyas@test.com in grp_1
[2026-04-16 03:34:59] [STATE] PROCESSING_EXPENSE -> IN_GROUP (trigger: ADD_EXPENSE_COMPLETE id=1 [user=sreyas@test.com])
[2026-04-16 03:36:04] [INFO] WebSocket client connected: ws_3
[2026-04-16 03:36:05] [INFO] WebSocket client connected: ws_4
[2026-04-16 03:36:27] [INFO] User logged in: jino@test.com (ws_4)
[2026-04-16 03:36:50] [INFO] WebSocket client disconnected: ws_3 ()
[2026-04-16 03:36:53] [INFO] WebSocket client connected: ws_5
[2026-04-16 03:37:03] [INFO] User logged in: yashika@test.com (ws_5)
[2026-04-16 03:37:08] [INFO] yashika@test.com joined Uber eats
[2026-04-16 03:37:09] [STATE] IDLE -> IN_GROUP (trigger: CMD_SELECT_GROUP groupId=grp_1 [user=yashika@test.com])
[2026-04-16 03:54:18] [INFO] WebSocket client disconnected: ws_4 (jino@test.com)
[2026-04-16 03:54:18] [INFO] WebSocket client connected: ws_6
[2026-04-16 04:04:14] [STATE] IN_GROUP -> IDLE (trigger: CMD_LEAVE_GROUP from grp_1 [user=sreyas@test.com])
[2026-04-16 04:04:15] [STATE] IDLE -> IN_GROUP (trigger: CMD_SELECT_GROUP groupId=grp_1 [user=sreyas@test.com])
[2026-04-16 04:04:31] [STATE] IN_GROUP -> IDLE (trigger: CMD_LEAVE_GROUP from grp_1 [user=sreyas@test.com])
[2026-04-16 04:04:41] [INFO] WebSocket client connected: ws_7
[2026-04-16 04:10:08] [INFO] WebSocket client disconnected: ws_7 ()
[2026-04-16 04:10:08] [INFO] WebSocket client connected: ws_8
[2026-04-16 04:10:09] [INFO] WebSocket client disconnected: ws_2 (sreyas@test.com)
[2026-04-16 04:10:09] [INFO] WebSocket client connected: ws_9
[2026-04-16 04:10:09] [INFO] WebSocket client disconnected: ws_5 (yashika@test.com)
[2026-04-16 04:10:09] [INFO] WebSocket client connected: ws_10
[2026-04-16 04:10:13] [INFO] WebSocket client disconnected: ws_8 ()
[2026-04-16 04:10:13] [INFO] WebSocket client connected: ws_11
[2026-04-16 04:10:14] [INFO] WebSocket client disconnected: ws_9 ()
[2026-04-16 04:10:14] [INFO] WebSocket client disconnected: ws_10 ()
[2026-04-16 04:10:14] [INFO] WebSocket client connected: ws_12
[2026-04-16 04:10:14] [INFO] WebSocket client connected: ws_13
[2026-04-16 04:10:14] [INFO] WebSocket client disconnected: ws_11 ()
[2026-04-16 04:10:14] [INFO] WebSocket client connected: ws_14
[2026-04-16 04:10:15] [INFO] WebSocket client disconnected: ws_13 ()
[2026-04-16 04:10:15] [INFO] WebSocket client disconnected: ws_12 ()
[2026-04-16 04:10:15] [INFO] WebSocket client connected: ws_15
[2026-04-16 04:10:15] [INFO] WebSocket client connected: ws_16
[2026-04-16 04:10:20] [INFO] WebSocket client disconnected: ws_14 ()
[2026-04-16 04:10:20] [INFO] WebSocket client connected: ws_17
[2026-04-16 04:10:21] [INFO] WebSocket client disconnected: ws_16 ()
[2026-04-16 04:10:21] [INFO] WebSocket client disconnected: ws_15 ()
[2026-04-16 04:10:21] [INFO] WebSocket client connected: ws_18
[2026-04-16 04:10:21] [INFO] WebSocket client connected: ws_19
[2026-04-16 04:15:49] [INFO] User logged in: jino@test.com (ws_6)
[2026-04-16 04:16:00] [INFO] User logged in: sreyas@test.com (ws_18)
[2026-04-16 04:16:02] [STATE] IDLE -> IN_GROUP (trigger: CMD_SELECT_GROUP groupId=grp_1 [user=sreyas@test.com])
[2026-04-16 04:16:27] [STATE] IN_GROUP -> TRANSFERRING_FILE (trigger: CMD_REQUEST_RECEIPT file=sample_receipt.jpg [user=sreyas@test.com])
[2026-04-16 04:16:27] [INFO] Starting file transfer: sample_receipt.jpg (1470795 bytes) to sreyas@test.com
[2026-04-16 04:16:27] [INFO] File transfer complete: sample_receipt.jpg (1470795 bytes)
[2026-04-16 04:16:27] [STATE] TRANSFERRING_FILE -> IN_GROUP (trigger: FILE_TRANSFER_COMPLETE [user=sreyas@test.com])
